2021-11-27 12:06:33.148  INFO 17192 --- [main] com.example.demo.DemoApplication         : Starting DemoApplication using Java 11.0.6 on java-11 with PID 17192 (C:\Users\hussain.61\Desktop\myfolder\target\classes started by hussain.61 in C:\Users\hussain.61\Desktop\myfolder)
2021-11-27 12:06:33.151  INFO 17192 --- [main] com.example.demo.DemoApplication         : No active profile set, falling back to default profiles: default
2021-11-27 12:06:34.057  INFO 17192 --- [main] .s.d.r.c.RepositoryConfigurationDelegate : Bootstrapping Spring Data JPA repositories in DEFAULT mode.
2021-11-27 12:06:34.145  INFO 17192 --- [main] .s.d.r.c.RepositoryConfigurationDelegate : Finished Spring Data repository scanning in 79 ms. Found 4 JPA repository interfaces.
2021-11-27 12:06:34.475  INFO 17192 --- [main] trationDelegate$BeanPostProcessorChecker : Bean 'org.springframework.security.access.expression.method.DefaultMethodSecurityExpressionHandler@3c50ad4b' of type [org.springframework.security.access.expression.method.DefaultMethodSecurityExpressionHandler] is not eligible for getting processed by all BeanPostProcessors (for example: not eligible for auto-proxying)
2021-11-27 12:06:34.481  INFO 17192 --- [main] trationDelegate$BeanPostProcessorChecker : Bean 'methodSecurityMetadataSource' of type [org.springframework.security.access.method.DelegatingMethodSecurityMetadataSource] is not eligible for getting processed by all BeanPostProcessors (for example: not eligible for auto-proxying)
2021-11-27 12:06:34.769  INFO 17192 --- [main] o.s.b.w.embedded.tomcat.TomcatWebServer  : Tomcat initialized with port(s): 8080 (http)
2021-11-27 12:06:34.778  INFO 17192 --- [main] o.apache.catalina.core.StandardService   : Starting service [Tomcat]
2021-11-27 12:06:34.779  INFO 17192 --- [main] org.apache.catalina.core.StandardEngine  : Starting Servlet engine: [Apache Tomcat/9.0.54]
2021-11-27 12:06:34.917  INFO 17192 --- [main] o.a.c.c.C.[Tomcat].[localhost].[/]       : Initializing Spring embedded WebApplicationContext
2021-11-27 12:06:34.917  INFO 17192 --- [main] w.s.c.ServletWebServerApplicationContext : Root WebApplicationContext: initialization completed in 1717 ms
2021-11-27 12:06:35.125  INFO 17192 --- [main] o.hibernate.jpa.internal.util.LogHelper  : HHH000204: Processing PersistenceUnitInfo [name: default]
2021-11-27 12:06:35.172  INFO 17192 --- [main] org.hibernate.Version                    : HHH000412: Hibernate ORM core version 5.4.32.Final
2021-11-27 12:06:35.289  INFO 17192 --- [main] o.hibernate.annotations.common.Version   : HCANN000001: Hibernate Commons Annotations {5.1.2.Final}
2021-11-27 12:06:35.394  INFO 17192 --- [main] org.hibernate.dialect.Dialect            : HHH000400: Using dialect: org.hibernate.dialect.PostgreSQLDialect
2021-11-27 12:06:35.980  INFO 17192 --- [main] o.h.e.t.j.p.i.JtaPlatformInitiator       : HHH000490: Using JtaPlatform implementation: [org.hibernate.engine.transaction.jta.platform.internal.NoJtaPlatform]
2021-11-27 12:06:35.992  INFO 17192 --- [main] j.LocalContainerEntityManagerFactoryBean : Initialized JPA EntityManagerFactory for persistence unit 'default'
2021-11-27 12:06:36.976  WARN 17192 --- [main] JpaBaseConfiguration$JpaWebConfiguration : spring.jpa.open-in-view is enabled by default. Therefore, database queries may be performed during view rendering. Explicitly configure spring.jpa.open-in-view to disable this warning
2021-11-27 12:06:37.174  INFO 17192 --- [main] o.s.s.web.DefaultSecurityFilterChain     : Will secure any request with [org.springframework.security.web.context.request.async.WebAsyncManagerIntegrationFilter@626b9092, org.springframework.security.web.context.SecurityContextPersistenceFilter@1a7437d8, org.springframework.security.web.header.HeaderWriterFilter@779448b8, org.springframework.security.web.authentication.logout.LogoutFilter@43cc7951, org.springframework.security.web.authentication.www.BasicAuthenticationFilter@772bc4c9, org.springframework.security.web.savedrequest.RequestCacheAwareFilter@5b31a9e3, org.springframework.security.web.servletapi.SecurityContextHolderAwareRequestFilter@54780c40, org.springframework.security.web.authentication.AnonymousAuthenticationFilter@1ac2829e, org.springframework.security.web.session.SessionManagementFilter@6c6b00f1, org.springframework.security.web.access.ExceptionTranslationFilter@3c9cfcde, org.springframework.security.web.access.intercept.FilterSecurityInterceptor@1c3a64b6]
2021-11-27 12:06:37.425  INFO 17192 --- [main] o.s.b.a.w.s.WelcomePageHandlerMapping    : Adding welcome page: class path resource [static/index.html]
2021-11-27 12:06:37.834  INFO 17192 --- [main] o.s.b.w.embedded.tomcat.TomcatWebServer  : Tomcat started on port(s): 8080 (http) with context path ''
2021-11-27 12:06:37.849  INFO 17192 --- [main] com.example.demo.DemoApplication         : Started DemoApplication in 5.16 seconds (JVM running for 6.077)
2021-11-27 12:06:45.774  INFO 12060 --- [main] com.example.demo.DemoApplication         : Starting DemoApplication using Java 11.0.6 on java-11 with PID 12060 (C:\Users\hussain.61\Desktop\myfolder\target\classes started by hussain.61 in C:\Users\hussain.61\Desktop\myfolder)
2021-11-27 12:06:45.777  INFO 12060 --- [main] com.example.demo.DemoApplication         : No active profile set, falling back to default profiles: default
2021-11-27 12:06:46.594  INFO 12060 --- [main] .s.d.r.c.RepositoryConfigurationDelegate : Bootstrapping Spring Data JPA repositories in DEFAULT mode.
2021-11-27 12:06:46.686  INFO 12060 --- [main] .s.d.r.c.RepositoryConfigurationDelegate : Finished Spring Data repository scanning in 84 ms. Found 4 JPA repository interfaces.
2021-11-27 12:06:46.984  INFO 12060 --- [main] trationDelegate$BeanPostProcessorChecker : Bean 'org.springframework.security.access.expression.method.DefaultMethodSecurityExpressionHandler@2b037cfc' of type [org.springframework.security.access.expression.method.DefaultMethodSecurityExpressionHandler] is not eligible for getting processed by all BeanPostProcessors (for example: not eligible for auto-proxying)
2021-11-27 12:06:46.989  INFO 12060 --- [main] trationDelegate$BeanPostProcessorChecker : Bean 'methodSecurityMetadataSource' of type [org.springframework.security.access.method.DelegatingMethodSecurityMetadataSource] is not eligible for getting processed by all BeanPostProcessors (for example: not eligible for auto-proxying)
2021-11-27 12:06:47.252  INFO 12060 --- [main] o.s.b.w.embedded.tomcat.TomcatWebServer  : Tomcat initialized with port(s): 8080 (http)
2021-11-27 12:06:47.261  INFO 12060 --- [main] o.apache.catalina.core.StandardService   : Starting service [Tomcat]
2021-11-27 12:06:47.261  INFO 12060 --- [main] org.apache.catalina.core.StandardEngine  : Starting Servlet engine: [Apache Tomcat/9.0.54]
2021-11-27 12:06:47.389  INFO 12060 --- [main] o.a.c.c.C.[Tomcat].[localhost].[/]       : Initializing Spring embedded WebApplicationContext
2021-11-27 12:06:47.389  INFO 12060 --- [main] w.s.c.ServletWebServerApplicationContext : Root WebApplicationContext: initialization completed in 1564 ms
2021-11-27 12:06:47.577  INFO 12060 --- [main] o.hibernate.jpa.internal.util.LogHelper  : HHH000204: Processing PersistenceUnitInfo [name: default]
2021-11-27 12:06:47.618  INFO 12060 --- [main] org.hibernate.Version                    : HHH000412: Hibernate ORM core version 5.4.32.Final
2021-11-27 12:06:47.740  INFO 12060 --- [main] o.hibernate.annotations.common.Version   : HCANN000001: Hibernate Commons Annotations {5.1.2.Final}
2021-11-27 12:06:47.837  INFO 12060 --- [main] org.hibernate.dialect.Dialect            : HHH000400: Using dialect: org.hibernate.dialect.PostgreSQLDialect
2021-11-27 12:06:48.184  INFO 17192 --- [http-nio-8080-exec-1] o.a.c.c.C.[Tomcat].[localhost].[/]       : Initializing Spring DispatcherServlet 'dispatcherServlet'
2021-11-27 12:06:48.185  INFO 17192 --- [http-nio-8080-exec-1] o.s.web.servlet.DispatcherServlet        : Initializing Servlet 'dispatcherServlet'
2021-11-27 12:06:48.189  INFO 17192 --- [http-nio-8080-exec-1] o.s.web.servlet.DispatcherServlet        : Completed initialization in 3 ms
2021-11-27 12:06:48.435  INFO 12060 --- [main] o.h.e.t.j.p.i.JtaPlatformInitiator       : HHH000490: Using JtaPlatform implementation: [org.hibernate.engine.transaction.jta.platform.internal.NoJtaPlatform]
2021-11-27 12:06:48.446  INFO 12060 --- [main] j.LocalContainerEntityManagerFactoryBean : Initialized JPA EntityManagerFactory for persistence unit 'default'
2021-11-27 12:06:49.346  WARN 12060 --- [main] JpaBaseConfiguration$JpaWebConfiguration : spring.jpa.open-in-view is enabled by default. Therefore, database queries may be performed during view rendering. Explicitly configure spring.jpa.open-in-view to disable this warning
2021-11-27 12:06:49.515  INFO 12060 --- [main] o.s.s.web.DefaultSecurityFilterChain     : Will secure any request with [org.springframework.security.web.context.request.async.WebAsyncManagerIntegrationFilter@1dce481b, org.springframework.security.web.context.SecurityContextPersistenceFilter@7591cbd1, org.springframework.security.web.header.HeaderWriterFilter@3d01ea33, org.springframework.security.web.authentication.logout.LogoutFilter@16890f00, org.springframework.security.web.authentication.www.BasicAuthenticationFilter@31a4db4f, org.springframework.security.web.savedrequest.RequestCacheAwareFilter@2a30b0cb, org.springframework.security.web.servletapi.SecurityContextHolderAwareRequestFilter@6f4029e9, org.springframework.security.web.authentication.AnonymousAuthenticationFilter@22cb8e5f, org.springframework.security.web.session.SessionManagementFilter@58b5d5fc, org.springframework.security.web.access.ExceptionTranslationFilter@729a9c3d, org.springframework.security.web.access.intercept.FilterSecurityInterceptor@402c9a60]
2021-11-27 12:06:49.743  INFO 12060 --- [main] o.s.b.a.w.s.WelcomePageHandlerMapping    : Adding welcome page: class path resource [static/index.html]
2021-11-27 12:06:50.099  WARN 12060 --- [main] ConfigServletWebServerApplicationContext : Exception encountered during context initialization - cancelling refresh attempt: org.springframework.context.ApplicationContextException: Failed to start bean 'webServerStartStop'; nested exception is org.springframework.boot.web.server.PortInUseException: Port 8080 is already in use
2021-11-27 12:06:50.105  INFO 12060 --- [main] j.LocalContainerEntityManagerFactoryBean : Closing JPA EntityManagerFactory for persistence unit 'default'
2021-11-27 12:06:50.109  INFO 12060 --- [main] o.apache.catalina.core.StandardService   : Stopping service [Tomcat]
2021-11-27 12:06:50.125  INFO 12060 --- [main] ConditionEvaluationReportLoggingListener : 

Error starting ApplicationContext. To display the conditions report re-run your application with 'debug' enabled.
2021-11-27 12:06:50.144 ERROR 12060 --- [main] o.s.b.d.LoggingFailureAnalysisReporter   : 

***************************
APPLICATION FAILED TO START
***************************

Description:

Web server failed to start. Port 8080 was already in use.

Action:

Identify and stop the process that's listening on port 8080 or configure this application to listen on another port.

2021-11-27 12:07:09.928  INFO 17192 --- [SpringApplicationShutdownHook] j.LocalContainerEntityManagerFactoryBean : Closing JPA EntityManagerFactory for persistence unit 'default'
2021-11-27 12:07:13.474  INFO 15424 --- [main] com.example.demo.DemoApplication         : Starting DemoApplication using Java 11.0.6 on java-11 with PID 15424 (C:\Users\hussain.61\Desktop\myfolder\target\classes started by hussain.61 in C:\Users\hussain.61\Desktop\myfolder)
2021-11-27 12:07:13.476  INFO 15424 --- [main] com.example.demo.DemoApplication         : No active profile set, falling back to default profiles: default
2021-11-27 12:07:14.285  INFO 15424 --- [main] .s.d.r.c.RepositoryConfigurationDelegate : Bootstrapping Spring Data JPA repositories in DEFAULT mode.
2021-11-27 12:07:14.376  INFO 15424 --- [main] .s.d.r.c.RepositoryConfigurationDelegate : Finished Spring Data repository scanning in 84 ms. Found 4 JPA repository interfaces.
2021-11-27 12:07:14.657  INFO 15424 --- [main] trationDelegate$BeanPostProcessorChecker : Bean 'org.springframework.security.access.expression.method.DefaultMethodSecurityExpressionHandler@2b037cfc' of type [org.springframework.security.access.expression.method.DefaultMethodSecurityExpressionHandler] is not eligible for getting processed by all BeanPostProcessors (for example: not eligible for auto-proxying)
2021-11-27 12:07:14.662  INFO 15424 --- [main] trationDelegate$BeanPostProcessorChecker : Bean 'methodSecurityMetadataSource' of type [org.springframework.security.access.method.DelegatingMethodSecurityMetadataSource] is not eligible for getting processed by all BeanPostProcessors (for example: not eligible for auto-proxying)
2021-11-27 12:07:14.913  INFO 15424 --- [main] o.s.b.w.embedded.tomcat.TomcatWebServer  : Tomcat initialized with port(s): 8080 (http)
2021-11-27 12:07:14.921  INFO 15424 --- [main] o.apache.catalina.core.StandardService   : Starting service [Tomcat]
2021-11-27 12:07:14.922  INFO 15424 --- [main] org.apache.catalina.core.StandardEngine  : Starting Servlet engine: [Apache Tomcat/9.0.54]
2021-11-27 12:07:15.058  INFO 15424 --- [main] o.a.c.c.C.[Tomcat].[localhost].[/]       : Initializing Spring embedded WebApplicationContext
2021-11-27 12:07:15.059  INFO 15424 --- [main] w.s.c.ServletWebServerApplicationContext : Root WebApplicationContext: initialization completed in 1538 ms
2021-11-27 12:07:15.255  INFO 15424 --- [main] o.hibernate.jpa.internal.util.LogHelper  : HHH000204: Processing PersistenceUnitInfo [name: default]
2021-11-27 12:07:15.299  INFO 15424 --- [main] org.hibernate.Version                    : HHH000412: Hibernate ORM core version 5.4.32.Final
2021-11-27 12:07:15.434  INFO 15424 --- [main] o.hibernate.annotations.common.Version   : HCANN000001: Hibernate Commons Annotations {5.1.2.Final}
2021-11-27 12:07:15.533  INFO 15424 --- [main] org.hibernate.dialect.Dialect            : HHH000400: Using dialect: org.hibernate.dialect.PostgreSQLDialect
2021-11-27 12:07:16.072  INFO 15424 --- [main] o.h.e.t.j.p.i.JtaPlatformInitiator       : HHH000490: Using JtaPlatform implementation: [org.hibernate.engine.transaction.jta.platform.internal.NoJtaPlatform]
2021-11-27 12:07:16.082  INFO 15424 --- [main] j.LocalContainerEntityManagerFactoryBean : Initialized JPA EntityManagerFactory for persistence unit 'default'
2021-11-27 12:07:16.977  WARN 15424 --- [main] JpaBaseConfiguration$JpaWebConfiguration : spring.jpa.open-in-view is enabled by default. Therefore, database queries may be performed during view rendering. Explicitly configure spring.jpa.open-in-view to disable this warning
2021-11-27 12:07:17.143  INFO 15424 --- [main] o.s.s.web.DefaultSecurityFilterChain     : Will secure any request with [org.springframework.security.web.context.request.async.WebAsyncManagerIntegrationFilter@237aba92, org.springframework.security.web.context.SecurityContextPersistenceFilter@1f6e6f50, org.springframework.security.web.header.HeaderWriterFilter@6ae32ff0, org.springframework.security.web.authentication.logout.LogoutFilter@117069f2, org.springframework.security.web.authentication.www.BasicAuthenticationFilter@5ca8c904, org.springframework.security.web.savedrequest.RequestCacheAwareFilter@796cf2b5, org.springframework.security.web.servletapi.SecurityContextHolderAwareRequestFilter@3bbc47c9, org.springframework.security.web.authentication.AnonymousAuthenticationFilter@65b19e5c, org.springframework.security.web.session.SessionManagementFilter@58a7ca42, org.springframework.security.web.access.ExceptionTranslationFilter@5213b887, org.springframework.security.web.access.intercept.FilterSecurityInterceptor@70f5f57d]
2021-11-27 12:07:17.374  INFO 15424 --- [main] o.s.b.a.w.s.WelcomePageHandlerMapping    : Adding welcome page: class path resource [static/index.html]
2021-11-27 12:07:17.694  INFO 15424 --- [main] o.s.b.w.embedded.tomcat.TomcatWebServer  : Tomcat started on port(s): 8080 (http) with context path ''
2021-11-27 12:07:17.708  INFO 15424 --- [main] com.example.demo.DemoApplication         : Started DemoApplication in 4.638 seconds (JVM running for 5.47)
2021-11-27 12:07:34.248  INFO 17656 --- [main] com.example.demo.DemoApplication         : Starting DemoApplication using Java 11.0.6 on java-11 with PID 17656 (C:\Users\hussain.61\Desktop\myfolder\target\classes started by hussain.61 in C:\Users\hussain.61\Desktop\myfolder)
2021-11-27 12:07:34.250  INFO 17656 --- [main] com.example.demo.DemoApplication         : No active profile set, falling back to default profiles: default
2021-11-27 12:07:35.073  INFO 17656 --- [main] .s.d.r.c.RepositoryConfigurationDelegate : Bootstrapping Spring Data JPA repositories in DEFAULT mode.
2021-11-27 12:07:35.167  INFO 17656 --- [main] .s.d.r.c.RepositoryConfigurationDelegate : Finished Spring Data repository scanning in 86 ms. Found 4 JPA repository interfaces.
2021-11-27 12:07:35.454  INFO 17656 --- [main] trationDelegate$BeanPostProcessorChecker : Bean 'org.springframework.security.access.expression.method.DefaultMethodSecurityExpressionHandler@16c587de' of type [org.springframework.security.access.expression.method.DefaultMethodSecurityExpressionHandler] is not eligible for getting processed by all BeanPostProcessors (for example: not eligible for auto-proxying)
2021-11-27 12:07:35.459  INFO 17656 --- [main] trationDelegate$BeanPostProcessorChecker : Bean 'methodSecurityMetadataSource' of type [org.springframework.security.access.method.DelegatingMethodSecurityMetadataSource] is not eligible for getting processed by all BeanPostProcessors (for example: not eligible for auto-proxying)
2021-11-27 12:07:35.707  INFO 17656 --- [main] o.s.b.w.embedded.tomcat.TomcatWebServer  : Tomcat initialized with port(s): 8080 (http)
2021-11-27 12:07:35.715  INFO 17656 --- [main] o.apache.catalina.core.StandardService   : Starting service [Tomcat]
2021-11-27 12:07:35.715  INFO 17656 --- [main] org.apache.catalina.core.StandardEngine  : Starting Servlet engine: [Apache Tomcat/9.0.54]
2021-11-27 12:07:35.837  INFO 17656 --- [main] o.a.c.c.C.[Tomcat].[localhost].[/]       : Initializing Spring embedded WebApplicationContext
2021-11-27 12:07:35.837  INFO 17656 --- [main] w.s.c.ServletWebServerApplicationContext : Root WebApplicationContext: initialization completed in 1537 ms
2021-11-27 12:07:36.041  INFO 17656 --- [main] o.hibernate.jpa.internal.util.LogHelper  : HHH000204: Processing PersistenceUnitInfo [name: default]
2021-11-27 12:07:36.085  INFO 17656 --- [main] org.hibernate.Version                    : HHH000412: Hibernate ORM core version 5.4.32.Final
2021-11-27 12:07:36.192  INFO 17656 --- [main] o.hibernate.annotations.common.Version   : HCANN000001: Hibernate Commons Annotations {5.1.2.Final}
2021-11-27 12:07:36.287  INFO 17656 --- [main] org.hibernate.dialect.Dialect            : HHH000400: Using dialect: org.hibernate.dialect.PostgreSQLDialect
2021-11-27 12:07:36.816  INFO 17656 --- [main] o.h.e.t.j.p.i.JtaPlatformInitiator       : HHH000490: Using JtaPlatform implementation: [org.hibernate.engine.transaction.jta.platform.internal.NoJtaPlatform]
2021-11-27 12:07:36.826  INFO 17656 --- [main] j.LocalContainerEntityManagerFactoryBean : Initialized JPA EntityManagerFactory for persistence unit 'default'
2021-11-27 12:07:37.715  WARN 17656 --- [main] JpaBaseConfiguration$JpaWebConfiguration : spring.jpa.open-in-view is enabled by default. Therefore, database queries may be performed during view rendering. Explicitly configure spring.jpa.open-in-view to disable this warning
2021-11-27 12:07:37.876  INFO 17656 --- [main] o.s.s.web.DefaultSecurityFilterChain     : Will secure any request with [org.springframework.security.web.context.request.async.WebAsyncManagerIntegrationFilter@34ede267, org.springframework.security.web.context.SecurityContextPersistenceFilter@6fad5ace, org.springframework.security.web.header.HeaderWriterFilter@5a99543b, org.springframework.security.web.authentication.logout.LogoutFilter@1a914a00, org.springframework.security.web.authentication.www.BasicAuthenticationFilter@446f3a53, org.springframework.security.web.savedrequest.RequestCacheAwareFilter@35f6f105, org.springframework.security.web.servletapi.SecurityContextHolderAwareRequestFilter@578198d9, org.springframework.security.web.authentication.AnonymousAuthenticationFilter@6bf77ee, org.springframework.security.web.session.SessionManagementFilter@1fa58a48, org.springframework.security.web.access.ExceptionTranslationFilter@6f1163f7, org.springframework.security.web.access.intercept.FilterSecurityInterceptor@42f2cae8]
2021-11-27 12:07:38.096  INFO 17656 --- [main] o.s.b.a.w.s.WelcomePageHandlerMapping    : Adding welcome page: class path resource [static/index.html]
2021-11-27 12:07:38.417  INFO 17656 --- [main] o.s.b.w.embedded.tomcat.TomcatWebServer  : Tomcat started on port(s): 8080 (http) with context path ''
2021-11-27 12:07:38.432  INFO 17656 --- [main] com.example.demo.DemoApplication         : Started DemoApplication in 4.575 seconds (JVM running for 5.376)
2021-11-27 12:17:10.643  INFO 14696 --- [main] com.example.demo.DemoApplication         : Starting DemoApplication using Java 11.0.6 on java-11 with PID 14696 (C:\Users\hussain.61\Desktop\myfolder\target\classes started by hussain.61 in C:\Users\hussain.61\Desktop\myfolder)
2021-11-27 12:17:10.646  INFO 14696 --- [main] com.example.demo.DemoApplication         : No active profile set, falling back to default profiles: default
2021-11-27 12:17:11.552  INFO 14696 --- [main] .s.d.r.c.RepositoryConfigurationDelegate : Bootstrapping Spring Data JPA repositories in DEFAULT mode.
2021-11-27 12:17:11.633  INFO 14696 --- [main] .s.d.r.c.RepositoryConfigurationDelegate : Finished Spring Data repository scanning in 72 ms. Found 4 JPA repository interfaces.
2021-11-27 12:17:11.944  INFO 14696 --- [main] trationDelegate$BeanPostProcessorChecker : Bean 'org.springframework.security.access.expression.method.DefaultMethodSecurityExpressionHandler@2ab26378' of type [org.springframework.security.access.expression.method.DefaultMethodSecurityExpressionHandler] is not eligible for getting processed by all BeanPostProcessors (for example: not eligible for auto-proxying)
2021-11-27 12:17:11.949  INFO 14696 --- [main] trationDelegate$BeanPostProcessorChecker : Bean 'methodSecurityMetadataSource' of type [org.springframework.security.access.method.DelegatingMethodSecurityMetadataSource] is not eligible for getting processed by all BeanPostProcessors (for example: not eligible for auto-proxying)
2021-11-27 12:17:12.222  INFO 14696 --- [main] o.s.b.w.embedded.tomcat.TomcatWebServer  : Tomcat initialized with port(s): 8080 (http)
2021-11-27 12:17:12.230  INFO 14696 --- [main] o.apache.catalina.core.StandardService   : Starting service [Tomcat]
2021-11-27 12:17:12.231  INFO 14696 --- [main] org.apache.catalina.core.StandardEngine  : Starting Servlet engine: [Apache Tomcat/9.0.54]
2021-11-27 12:17:12.363  INFO 14696 --- [main] o.a.c.c.C.[Tomcat].[localhost].[/]       : Initializing Spring embedded WebApplicationContext
2021-11-27 12:17:12.364  INFO 14696 --- [main] w.s.c.ServletWebServerApplicationContext : Root WebApplicationContext: initialization completed in 1660 ms
2021-11-27 12:17:12.572  INFO 14696 --- [main] o.hibernate.jpa.internal.util.LogHelper  : HHH000204: Processing PersistenceUnitInfo [name: default]
2021-11-27 12:17:12.622  INFO 14696 --- [main] org.hibernate.Version                    : HHH000412: Hibernate ORM core version 5.4.32.Final
2021-11-27 12:17:12.745  INFO 14696 --- [main] o.hibernate.annotations.common.Version   : HCANN000001: Hibernate Commons Annotations {5.1.2.Final}
2021-11-27 12:17:12.873  INFO 14696 --- [main] org.hibernate.dialect.Dialect            : HHH000400: Using dialect: org.hibernate.dialect.PostgreSQLDialect
2021-11-27 12:17:13.478  INFO 14696 --- [main] o.h.e.t.j.p.i.JtaPlatformInitiator       : HHH000490: Using JtaPlatform implementation: [org.hibernate.engine.transaction.jta.platform.internal.NoJtaPlatform]
2021-11-27 12:17:13.489  INFO 14696 --- [main] j.LocalContainerEntityManagerFactoryBean : Initialized JPA EntityManagerFactory for persistence unit 'default'
2021-11-27 12:17:14.457  WARN 14696 --- [main] JpaBaseConfiguration$JpaWebConfiguration : spring.jpa.open-in-view is enabled by default. Therefore, database queries may be performed during view rendering. Explicitly configure spring.jpa.open-in-view to disable this warning
2021-11-27 12:17:14.634  INFO 14696 --- [main] o.s.s.web.DefaultSecurityFilterChain     : Will secure any request with [org.springframework.security.web.context.request.async.WebAsyncManagerIntegrationFilter@281963c, org.springframework.security.web.context.SecurityContextPersistenceFilter@210e2f2f, org.springframework.security.web.header.HeaderWriterFilter@644f6e89, org.springframework.security.web.authentication.logout.LogoutFilter@55e88bc, org.springframework.security.web.authentication.www.BasicAuthenticationFilter@22d47f09, org.springframework.security.web.savedrequest.RequestCacheAwareFilter@43dddfdd, org.springframework.security.web.servletapi.SecurityContextHolderAwareRequestFilter@20a116a0, org.springframework.security.web.authentication.AnonymousAuthenticationFilter@2a2815cc, org.springframework.security.web.session.SessionManagementFilter@4840ec68, org.springframework.security.web.access.ExceptionTranslationFilter@2aac87ab, org.springframework.security.web.access.intercept.FilterSecurityInterceptor@1791396b]
2021-11-27 12:17:14.876  INFO 14696 --- [main] o.s.b.a.w.s.WelcomePageHandlerMapping    : Adding welcome page: class path resource [static/index.html]
2021-11-27 12:17:15.281  INFO 14696 --- [main] o.s.b.w.embedded.tomcat.TomcatWebServer  : Tomcat started on port(s): 8080 (http) with context path ''
2021-11-27 12:17:15.296  INFO 14696 --- [main] com.example.demo.DemoApplication         : Started DemoApplication in 5.12 seconds (JVM running for 6.071)
2021-11-27 12:17:18.901  INFO 14696 --- [SpringApplicationShutdownHook] j.LocalContainerEntityManagerFactoryBean : Closing JPA EntityManagerFactory for persistence unit 'default'
2021-11-27 16:47:25.844  INFO 828 --- [main] c.e.d.T.EstatesServiceImpIntegrationTest : Starting EstatesServiceImpIntegrationTest using Java 11.0.4 on DESKTOP-IK03B85 with PID 828 (started by taj in C:\Users\taj\Desktop\demo)
2021-11-27 16:47:25.964  INFO 828 --- [main] c.e.d.T.EstatesServiceImpIntegrationTest : No active profile set, falling back to default profiles: default
2021-11-27 16:47:31.495  INFO 828 --- [main] .s.d.r.c.RepositoryConfigurationDelegate : Bootstrapping Spring Data JPA repositories in DEFAULT mode.
2021-11-27 16:47:31.931  INFO 828 --- [main] .s.d.r.c.RepositoryConfigurationDelegate : Finished Spring Data repository scanning in 412 ms. Found 4 JPA repository interfaces.
2021-11-27 16:47:34.047  INFO 828 --- [main] trationDelegate$BeanPostProcessorChecker : Bean 'org.springframework.security.access.expression.method.DefaultMethodSecurityExpressionHandler@1945113f' of type [org.springframework.security.access.expression.method.DefaultMethodSecurityExpressionHandler] is not eligible for getting processed by all BeanPostProcessors (for example: not eligible for auto-proxying)
2021-11-27 16:47:34.087  INFO 828 --- [main] trationDelegate$BeanPostProcessorChecker : Bean 'methodSecurityMetadataSource' of type [org.springframework.security.access.method.DelegatingMethodSecurityMetadataSource] is not eligible for getting processed by all BeanPostProcessors (for example: not eligible for auto-proxying)
2021-11-27 16:47:37.810  INFO 828 --- [main] o.hibernate.jpa.internal.util.LogHelper  : HHH000204: Processing PersistenceUnitInfo [name: default]
2021-11-27 16:47:44.901  INFO 828 --- [main] org.hibernate.Version                    : HHH000412: Hibernate ORM core version 5.4.32.Final
2021-11-27 16:47:47.613  INFO 14392 --- [main] com.example.demo.DemoApplication         : Starting DemoApplication using Java 11.0.4 on DESKTOP-IK03B85 with PID 14392 (C:\Users\taj\Desktop\demo\target\classes started by taj in C:\Users\taj\Desktop\demo)
2021-11-27 16:47:47.617  INFO 14392 --- [main] com.example.demo.DemoApplication         : No active profile set, falling back to default profiles: default
2021-11-27 16:47:48.432  INFO 828 --- [main] o.hibernate.annotations.common.Version   : HCANN000001: Hibernate Commons Annotations {5.1.2.Final}
2021-11-27 16:47:48.718  INFO 14392 --- [main] .s.d.r.c.RepositoryConfigurationDelegate : Bootstrapping Spring Data JPA repositories in DEFAULT mode.
2021-11-27 16:47:48.830  INFO 14392 --- [main] .s.d.r.c.RepositoryConfigurationDelegate : Finished Spring Data repository scanning in 103 ms. Found 4 JPA repository interfaces.
2021-11-27 16:47:49.225  INFO 14392 --- [main] trationDelegate$BeanPostProcessorChecker : Bean 'org.springframework.security.access.expression.method.DefaultMethodSecurityExpressionHandler@475646d4' of type [org.springframework.security.access.expression.method.DefaultMethodSecurityExpressionHandler] is not eligible for getting processed by all BeanPostProcessors (for example: not eligible for auto-proxying)
2021-11-27 16:47:49.233  INFO 14392 --- [main] trationDelegate$BeanPostProcessorChecker : Bean 'methodSecurityMetadataSource' of type [org.springframework.security.access.method.DelegatingMethodSecurityMetadataSource] is not eligible for getting processed by all BeanPostProcessors (for example: not eligible for auto-proxying)
2021-11-27 16:47:53.632  INFO 828 --- [main] org.hibernate.dialect.Dialect            : HHH000400: Using dialect: org.hibernate.dialect.PostgreSQLDialect
2021-11-27 16:47:53.792  INFO 14392 --- [main] o.s.b.w.embedded.tomcat.TomcatWebServer  : Tomcat initialized with port(s): 8080 (http)
2021-11-27 16:47:53.933  INFO 14392 --- [main] o.apache.catalina.core.StandardService   : Starting service [Tomcat]
2021-11-27 16:47:53.933  INFO 14392 --- [main] org.apache.catalina.core.StandardEngine  : Starting Servlet engine: [Apache Tomcat/9.0.54]
2021-11-27 16:47:55.128  INFO 14392 --- [main] o.a.c.c.C.[Tomcat].[localhost].[/]       : Initializing Spring embedded WebApplicationContext
2021-11-27 16:47:55.132  INFO 14392 --- [main] w.s.c.ServletWebServerApplicationContext : Root WebApplicationContext: initialization completed in 7464 ms
2021-11-27 16:47:55.922  INFO 14392 --- [main] o.hibernate.jpa.internal.util.LogHelper  : HHH000204: Processing PersistenceUnitInfo [name: default]
2021-11-27 16:47:55.966  INFO 14392 --- [main] org.hibernate.Version                    : HHH000412: Hibernate ORM core version 5.4.32.Final
2021-11-27 16:47:56.094  INFO 14392 --- [main] o.hibernate.annotations.common.Version   : HCANN000001: Hibernate Commons Annotations {5.1.2.Final}
2021-11-27 16:47:56.186  INFO 14392 --- [main] org.hibernate.dialect.Dialect            : HHH000400: Using dialect: org.hibernate.dialect.PostgreSQLDialect
2021-11-27 16:48:01.115  INFO 14392 --- [main] o.h.e.t.j.p.i.JtaPlatformInitiator       : HHH000490: Using JtaPlatform implementation: [org.hibernate.engine.transaction.jta.platform.internal.NoJtaPlatform]
2021-11-27 16:48:01.115  INFO 828 --- [main] o.h.e.t.j.p.i.JtaPlatformInitiator       : HHH000490: Using JtaPlatform implementation: [org.hibernate.engine.transaction.jta.platform.internal.NoJtaPlatform]
2021-11-27 16:48:01.279  INFO 14392 --- [main] j.LocalContainerEntityManagerFactoryBean : Initialized JPA EntityManagerFactory for persistence unit 'default'
2021-11-27 16:48:01.279  INFO 828 --- [main] j.LocalContainerEntityManagerFactoryBean : Initialized JPA EntityManagerFactory for persistence unit 'default'
2021-11-27 16:48:07.939  WARN 14392 --- [main] JpaBaseConfiguration$JpaWebConfiguration : spring.jpa.open-in-view is enabled by default. Therefore, database queries may be performed during view rendering. Explicitly configure spring.jpa.open-in-view to disable this warning
2021-11-27 16:48:08.353  WARN 828 --- [main] JpaBaseConfiguration$JpaWebConfiguration : spring.jpa.open-in-view is enabled by default. Therefore, database queries may be performed during view rendering. Explicitly configure spring.jpa.open-in-view to disable this warning
2021-11-27 16:48:09.290  INFO 14392 --- [main] o.s.s.web.DefaultSecurityFilterChain     : Will secure any request with [org.springframework.security.web.context.request.async.WebAsyncManagerIntegrationFilter@a4dcede, org.springframework.security.web.context.SecurityContextPersistenceFilter@7978550b, org.springframework.security.web.header.HeaderWriterFilter@3ea6faf0, org.springframework.security.web.authentication.logout.LogoutFilter@723c5f86, org.springframework.security.web.authentication.www.BasicAuthenticationFilter@467cd4b9, org.springframework.security.web.savedrequest.RequestCacheAwareFilter@1942a36e, org.springframework.security.web.servletapi.SecurityContextHolderAwareRequestFilter@1d6a22dd, org.springframework.security.web.authentication.AnonymousAuthenticationFilter@7ee02968, org.springframework.security.web.session.SessionManagementFilter@5e9cb95, org.springframework.security.web.access.ExceptionTranslationFilter@32f14274, org.springframework.security.web.access.intercept.FilterSecurityInterceptor@5df54296]
2021-11-27 16:48:09.653  INFO 828 --- [main] o.s.s.web.DefaultSecurityFilterChain     : Will secure any request with [org.springframework.security.web.context.request.async.WebAsyncManagerIntegrationFilter@5a8835c6, org.springframework.security.web.context.SecurityContextPersistenceFilter@53335328, org.springframework.security.web.header.HeaderWriterFilter@5d2bc446, org.springframework.security.web.authentication.logout.LogoutFilter@5c13534a, org.springframework.security.web.authentication.www.BasicAuthenticationFilter@6d6d81c, org.springframework.security.web.savedrequest.RequestCacheAwareFilter@3cd28235, org.springframework.security.web.servletapi.SecurityContextHolderAwareRequestFilter@3fc4038f, org.springframework.security.web.authentication.AnonymousAuthenticationFilter@67216c33, org.springframework.security.web.session.SessionManagementFilter@6a9ac8b, org.springframework.security.web.access.ExceptionTranslationFilter@37fd496a, org.springframework.security.web.access.intercept.FilterSecurityInterceptor@384b3fe7]
2021-11-27 16:48:10.124  INFO 14392 --- [main] o.s.b.a.w.s.WelcomePageHandlerMapping    : Adding welcome page: class path resource [static/index.html]
2021-11-27 16:48:13.721  INFO 828 --- [main] o.s.b.a.w.s.WelcomePageHandlerMapping    : Adding welcome page: class path resource [static/index.html]
2021-11-27 16:48:16.442  INFO 828 --- [main] c.e.d.T.EstatesServiceImpIntegrationTest : Started EstatesServiceImpIntegrationTest in 52.254 seconds (JVM running for 62.632)
2021-11-27 16:48:16.668  INFO 14392 --- [main] o.s.b.w.embedded.tomcat.TomcatWebServer  : Tomcat started on port(s): 8080 (http) with context path ''
2021-11-27 16:48:16.694  INFO 14392 --- [main] com.example.demo.DemoApplication         : Started DemoApplication in 30.012 seconds (JVM running for 36.899)
2021-11-27 16:48:20.675  INFO 14392 --- [http-nio-8080-exec-2] o.a.c.c.C.[Tomcat].[localhost].[/]       : Initializing Spring DispatcherServlet 'dispatcherServlet'
2021-11-27 16:48:20.676  INFO 14392 --- [http-nio-8080-exec-2] o.s.web.servlet.DispatcherServlet        : Initializing Servlet 'dispatcherServlet'
2021-11-27 16:48:20.678  INFO 14392 --- [http-nio-8080-exec-2] o.s.web.servlet.DispatcherServlet        : Completed initialization in 2 ms
2021-11-27 16:48:21.067  INFO 14392 --- [http-nio-8080-exec-2] com.zaxxer.hikari.HikariDataSource       : HikariPool-1 - Starting...
2021-11-27 16:48:21.899  INFO 828 --- [SpringApplicationShutdownHook] j.LocalContainerEntityManagerFactoryBean : Closing JPA EntityManagerFactory for persistence unit 'default'
2021-11-27 16:48:21.921  INFO 14392 --- [http-nio-8080-exec-2] com.zaxxer.hikari.HikariDataSource       : HikariPool-1 - Start completed.
2021-11-27 16:48:23.239  WARN 14392 --- [http-nio-8080-exec-2] o.a.c.util.SessionIdGeneratorBase        : Creation of SecureRandom instance for session ID generation using [SHA1PRNG] took [415] milliseconds.
2021-11-27 16:48:24.156  INFO 14392 --- [http-nio-8080-exec-2] c.e.demo.Service.EstatesServiceImpl      : User  admin  adding new EState
2021-11-27 16:49:31.955  INFO 14392 --- [http-nio-8080-exec-5] c.e.demo.Service.EstatesServiceImpl      : User  admin  adding new EState
2021-11-27 16:50:00.820  INFO 13044 --- [main] com.example.demo.DemoApplication         : Starting DemoApplication using Java 11.0.4 on DESKTOP-IK03B85 with PID 13044 (C:\Users\taj\Desktop\demo\target\classes started by taj in C:\Users\taj\Desktop\demo)
2021-11-27 16:50:00.826  INFO 13044 --- [main] com.example.demo.DemoApplication         : No active profile set, falling back to default profiles: default
2021-11-27 16:50:01.846  INFO 13044 --- [main] .s.d.r.c.RepositoryConfigurationDelegate : Bootstrapping Spring Data JPA repositories in DEFAULT mode.
2021-11-27 16:50:01.941  INFO 13044 --- [main] .s.d.r.c.RepositoryConfigurationDelegate : Finished Spring Data repository scanning in 86 ms. Found 4 JPA repository interfaces.
2021-11-27 16:50:02.331  INFO 13044 --- [main] trationDelegate$BeanPostProcessorChecker : Bean 'org.springframework.security.access.expression.method.DefaultMethodSecurityExpressionHandler@2c7106d9' of type [org.springframework.security.access.expression.method.DefaultMethodSecurityExpressionHandler] is not eligible for getting processed by all BeanPostProcessors (for example: not eligible for auto-proxying)
2021-11-27 16:50:02.337  INFO 13044 --- [main] trationDelegate$BeanPostProcessorChecker : Bean 'methodSecurityMetadataSource' of type [org.springframework.security.access.method.DelegatingMethodSecurityMetadataSource] is not eligible for getting processed by all BeanPostProcessors (for example: not eligible for auto-proxying)
2021-11-27 16:50:02.676  INFO 13044 --- [main] o.s.b.w.embedded.tomcat.TomcatWebServer  : Tomcat initialized with port(s): 8080 (http)
2021-11-27 16:50:02.742  INFO 13044 --- [main] o.apache.catalina.core.StandardService   : Starting service [Tomcat]
2021-11-27 16:50:02.744  INFO 13044 --- [main] org.apache.catalina.core.StandardEngine  : Starting Servlet engine: [Apache Tomcat/9.0.54]
2021-11-27 16:50:03.003  INFO 13044 --- [main] o.a.c.c.C.[Tomcat].[localhost].[/]       : Initializing Spring embedded WebApplicationContext
2021-11-27 16:50:03.004  INFO 13044 --- [main] w.s.c.ServletWebServerApplicationContext : Root WebApplicationContext: initialization completed in 2104 ms
2021-11-27 16:50:03.220  INFO 13044 --- [main] o.hibernate.jpa.internal.util.LogHelper  : HHH000204: Processing PersistenceUnitInfo [name: default]
2021-11-27 16:50:03.277  INFO 13044 --- [main] org.hibernate.Version                    : HHH000412: Hibernate ORM core version 5.4.32.Final
2021-11-27 16:50:03.422  INFO 13044 --- [main] o.hibernate.annotations.common.Version   : HCANN000001: Hibernate Commons Annotations {5.1.2.Final}
2021-11-27 16:50:03.585  INFO 13044 --- [main] org.hibernate.dialect.Dialect            : HHH000400: Using dialect: org.hibernate.dialect.PostgreSQLDialect
2021-11-27 16:50:04.251  INFO 13044 --- [main] o.h.e.t.j.p.i.JtaPlatformInitiator       : HHH000490: Using JtaPlatform implementation: [org.hibernate.engine.transaction.jta.platform.internal.NoJtaPlatform]
2021-11-27 16:50:04.267  INFO 13044 --- [main] j.LocalContainerEntityManagerFactoryBean : Initialized JPA EntityManagerFactory for persistence unit 'default'
2021-11-27 16:50:08.735  WARN 13044 --- [main] JpaBaseConfiguration$JpaWebConfiguration : spring.jpa.open-in-view is enabled by default. Therefore, database queries may be performed during view rendering. Explicitly configure spring.jpa.open-in-view to disable this warning
2021-11-27 16:50:08.978  INFO 13044 --- [main] o.s.s.web.DefaultSecurityFilterChain     : Will secure any request with [org.springframework.security.web.context.request.async.WebAsyncManagerIntegrationFilter@7eb774c3, org.springframework.security.web.context.SecurityContextPersistenceFilter@1cc81ea1, org.springframework.security.web.header.HeaderWriterFilter@542beecb, org.springframework.security.web.authentication.logout.LogoutFilter@47eff554, org.springframework.security.web.authentication.www.BasicAuthenticationFilter@758d0555, org.springframework.security.web.savedrequest.RequestCacheAwareFilter@204a02a4, org.springframework.security.web.servletapi.SecurityContextHolderAwareRequestFilter@63537871, org.springframework.security.web.authentication.AnonymousAuthenticationFilter@72015156, org.springframework.security.web.session.SessionManagementFilter@206b959c, org.springframework.security.web.access.ExceptionTranslationFilter@17e8caf2, org.springframework.security.web.access.intercept.FilterSecurityInterceptor@2831c178]
2021-11-27 16:50:09.294  INFO 13044 --- [main] o.s.b.a.w.s.WelcomePageHandlerMapping    : Adding welcome page: class path resource [static/index.html]
2021-11-27 16:50:09.782  INFO 13044 --- [main] o.s.b.w.embedded.tomcat.TomcatWebServer  : Tomcat started on port(s): 8080 (http) with context path ''
2021-11-27 16:50:09.798  INFO 13044 --- [main] com.example.demo.DemoApplication         : Started DemoApplication in 10.036 seconds (JVM running for 12.327)
2021-11-27 16:50:23.396  INFO 13044 --- [http-nio-8080-exec-1] o.a.c.c.C.[Tomcat].[localhost].[/]       : Initializing Spring DispatcherServlet 'dispatcherServlet'
2021-11-27 16:50:23.397  INFO 13044 --- [http-nio-8080-exec-1] o.s.web.servlet.DispatcherServlet        : Initializing Servlet 'dispatcherServlet'
2021-11-27 16:50:23.400  INFO 13044 --- [http-nio-8080-exec-1] o.s.web.servlet.DispatcherServlet        : Completed initialization in 2 ms
2021-11-27 16:50:23.707  INFO 13044 --- [http-nio-8080-exec-1] com.zaxxer.hikari.HikariDataSource       : HikariPool-1 - Starting...
2021-11-27 16:50:28.972  INFO 13044 --- [http-nio-8080-exec-1] com.zaxxer.hikari.HikariDataSource       : HikariPool-1 - Start completed.
2021-11-27 16:50:29.979  WARN 13044 --- [http-nio-8080-exec-1] o.a.c.util.SessionIdGeneratorBase        : Creation of SecureRandom instance for session ID generation using [SHA1PRNG] took [535] milliseconds.
2021-11-27 16:50:31.513  INFO 13044 --- [http-nio-8080-exec-1] c.e.demo.Service.EstatesServiceImpl      : User  admin  adding new EState
2021-11-27 17:19:44.949  INFO 11008 --- [main] com.example.demo.DemoApplication         : Starting DemoApplication using Java 11.0.4 on DESKTOP-IK03B85 with PID 11008 (C:\Users\taj\Desktop\demo\target\classes started by taj in C:\Users\taj\Desktop\demo)
2021-11-27 17:19:44.949  INFO 11008 --- [main] com.example.demo.DemoApplication         : No active profile set, falling back to default profiles: default
2021-11-27 17:19:46.957  INFO 11008 --- [main] .s.d.r.c.RepositoryConfigurationDelegate : Bootstrapping Spring Data JPA repositories in DEFAULT mode.
2021-11-27 17:19:47.035  INFO 11008 --- [main] .s.d.r.c.RepositoryConfigurationDelegate : Finished Spring Data repository scanning in 82 ms. Found 4 JPA repository interfaces.
2021-11-27 17:19:47.405  INFO 11008 --- [main] trationDelegate$BeanPostProcessorChecker : Bean 'org.springframework.security.access.expression.method.DefaultMethodSecurityExpressionHandler@656922a0' of type [org.springframework.security.access.expression.method.DefaultMethodSecurityExpressionHandler] is not eligible for getting processed by all BeanPostProcessors (for example: not eligible for auto-proxying)
2021-11-27 17:19:47.413  INFO 11008 --- [main] trationDelegate$BeanPostProcessorChecker : Bean 'methodSecurityMetadataSource' of type [org.springframework.security.access.method.DelegatingMethodSecurityMetadataSource] is not eligible for getting processed by all BeanPostProcessors (for example: not eligible for auto-proxying)
2021-11-27 17:19:48.173  INFO 11008 --- [main] o.s.b.w.embedded.tomcat.TomcatWebServer  : Tomcat initialized with port(s): 8080 (http)
2021-11-27 17:19:48.204  INFO 11008 --- [main] o.apache.catalina.core.StandardService   : Starting service [Tomcat]
2021-11-27 17:19:48.204  INFO 11008 --- [main] org.apache.catalina.core.StandardEngine  : Starting Servlet engine: [Apache Tomcat/9.0.54]
2021-11-27 17:19:48.426  INFO 11008 --- [main] o.a.c.c.C.[Tomcat].[localhost].[/]       : Initializing Spring embedded WebApplicationContext
2021-11-27 17:19:48.426  INFO 11008 --- [main] w.s.c.ServletWebServerApplicationContext : Root WebApplicationContext: initialization completed in 3399 ms
2021-11-27 17:19:49.058  INFO 11008 --- [main] o.hibernate.jpa.internal.util.LogHelper  : HHH000204: Processing PersistenceUnitInfo [name: default]
2021-11-27 17:19:49.355  INFO 11008 --- [main] org.hibernate.Version                    : HHH000412: Hibernate ORM core version 5.4.32.Final
2021-11-27 17:19:50.453  INFO 11008 --- [main] o.hibernate.annotations.common.Version   : HCANN000001: Hibernate Commons Annotations {5.1.2.Final}
2021-11-27 17:19:50.830  INFO 11008 --- [main] org.hibernate.dialect.Dialect            : HHH000400: Using dialect: org.hibernate.dialect.PostgreSQLDialect
2021-11-27 17:19:52.223  INFO 11008 --- [main] o.h.e.t.j.p.i.JtaPlatformInitiator       : HHH000490: Using JtaPlatform implementation: [org.hibernate.engine.transaction.jta.platform.internal.NoJtaPlatform]
2021-11-27 17:19:52.239  INFO 11008 --- [main] j.LocalContainerEntityManagerFactoryBean : Initialized JPA EntityManagerFactory for persistence unit 'default'
2021-11-27 17:19:53.791  WARN 11008 --- [main] JpaBaseConfiguration$JpaWebConfiguration : spring.jpa.open-in-view is enabled by default. Therefore, database queries may be performed during view rendering. Explicitly configure spring.jpa.open-in-view to disable this warning
2021-11-27 17:19:54.025  INFO 11008 --- [main] o.s.s.web.DefaultSecurityFilterChain     : Will secure any request with [org.springframework.security.web.context.request.async.WebAsyncManagerIntegrationFilter@1b30b6f8, org.springframework.security.web.context.SecurityContextPersistenceFilter@1b881f1f, org.springframework.security.web.header.HeaderWriterFilter@7af0693b, org.springframework.security.web.authentication.logout.LogoutFilter@6e0f259e, org.springframework.security.web.authentication.www.BasicAuthenticationFilter@4b7c0f39, org.springframework.security.web.savedrequest.RequestCacheAwareFilter@7bc6b117, org.springframework.security.web.servletapi.SecurityContextHolderAwareRequestFilter@4d9cf71d, org.springframework.security.web.authentication.AnonymousAuthenticationFilter@1e965426, org.springframework.security.web.session.SessionManagementFilter@5dff108c, org.springframework.security.web.access.ExceptionTranslationFilter@289cf7db, org.springframework.security.web.access.intercept.FilterSecurityInterceptor@641cea11]
2021-11-27 17:19:54.291  INFO 11008 --- [main] o.s.b.a.w.s.WelcomePageHandlerMapping    : Adding welcome page: class path resource [static/index.html]
2021-11-27 17:19:54.793  INFO 11008 --- [main] o.s.b.w.embedded.tomcat.TomcatWebServer  : Tomcat started on port(s): 8080 (http) with context path ''
2021-11-27 17:19:54.809  INFO 11008 --- [main] com.example.demo.DemoApplication         : Started DemoApplication in 10.677 seconds (JVM running for 12.809)
2021-11-27 17:23:37.599  INFO 2984 --- [main] com.example.demo.DemoApplication         : Starting DemoApplication using Java 11.0.4 on DESKTOP-IK03B85 with PID 2984 (C:\Users\taj\Desktop\demo\target\classes started by taj in C:\Users\taj\Desktop\demo)
2021-11-27 17:23:37.599  INFO 2984 --- [main] com.example.demo.DemoApplication         : No active profile set, falling back to default profiles: default
2021-11-27 17:23:38.812  INFO 2984 --- [main] .s.d.r.c.RepositoryConfigurationDelegate : Bootstrapping Spring Data JPA repositories in DEFAULT mode.
2021-11-27 17:23:38.906  INFO 2984 --- [main] .s.d.r.c.RepositoryConfigurationDelegate : Finished Spring Data repository scanning in 84 ms. Found 4 JPA repository interfaces.
2021-11-27 17:23:39.281  INFO 2984 --- [main] trationDelegate$BeanPostProcessorChecker : Bean 'org.springframework.security.access.expression.method.DefaultMethodSecurityExpressionHandler@696b4a95' of type [org.springframework.security.access.expression.method.DefaultMethodSecurityExpressionHandler] is not eligible for getting processed by all BeanPostProcessors (for example: not eligible for auto-proxying)
2021-11-27 17:23:39.296  INFO 2984 --- [main] trationDelegate$BeanPostProcessorChecker : Bean 'methodSecurityMetadataSource' of type [org.springframework.security.access.method.DelegatingMethodSecurityMetadataSource] is not eligible for getting processed by all BeanPostProcessors (for example: not eligible for auto-proxying)
2021-11-27 17:23:39.718  INFO 2984 --- [main] o.s.b.w.embedded.tomcat.TomcatWebServer  : Tomcat initialized with port(s): 8080 (http)
2021-11-27 17:23:39.734  INFO 2984 --- [main] o.apache.catalina.core.StandardService   : Starting service [Tomcat]
2021-11-27 17:23:39.734  INFO 2984 --- [main] org.apache.catalina.core.StandardEngine  : Starting Servlet engine: [Apache Tomcat/9.0.54]
2021-11-27 17:23:40.171  INFO 2984 --- [main] o.a.c.c.C.[Tomcat].[localhost].[/]       : Initializing Spring embedded WebApplicationContext
2021-11-27 17:23:40.171  INFO 2984 --- [main] w.s.c.ServletWebServerApplicationContext : Root WebApplicationContext: initialization completed in 2478 ms
2021-11-27 17:23:40.452  INFO 2984 --- [main] o.hibernate.jpa.internal.util.LogHelper  : HHH000204: Processing PersistenceUnitInfo [name: default]
2021-11-27 17:23:40.515  INFO 2984 --- [main] org.hibernate.Version                    : HHH000412: Hibernate ORM core version 5.4.32.Final
2021-11-27 17:23:40.734  INFO 2984 --- [main] o.hibernate.annotations.common.Version   : HCANN000001: Hibernate Commons Annotations {5.1.2.Final}
2021-11-27 17:23:40.874  INFO 2984 --- [main] org.hibernate.dialect.Dialect            : HHH000400: Using dialect: org.hibernate.dialect.PostgreSQLDialect
2021-11-27 17:23:41.544  INFO 2984 --- [main] o.h.e.t.j.p.i.JtaPlatformInitiator       : HHH000490: Using JtaPlatform implementation: [org.hibernate.engine.transaction.jta.platform.internal.NoJtaPlatform]
2021-11-27 17:23:41.544  INFO 2984 --- [main] j.LocalContainerEntityManagerFactoryBean : Initialized JPA EntityManagerFactory for persistence unit 'default'
2021-11-27 17:23:42.716  WARN 2984 --- [main] JpaBaseConfiguration$JpaWebConfiguration : spring.jpa.open-in-view is enabled by default. Therefore, database queries may be performed during view rendering. Explicitly configure spring.jpa.open-in-view to disable this warning
2021-11-27 17:23:42.966  INFO 2984 --- [main] o.s.s.web.DefaultSecurityFilterChain     : Will secure any request with [org.springframework.security.web.context.request.async.WebAsyncManagerIntegrationFilter@4fe9adfb, org.springframework.security.web.context.SecurityContextPersistenceFilter@772bc4c9, org.springframework.security.web.header.HeaderWriterFilter@43e2b8da, org.springframework.security.web.authentication.logout.LogoutFilter@57806346, org.springframework.security.web.authentication.www.BasicAuthenticationFilter@6d4f266, org.springframework.security.web.savedrequest.RequestCacheAwareFilter@34ea86ff, org.springframework.security.web.servletapi.SecurityContextHolderAwareRequestFilter@794f937a, org.springframework.security.web.authentication.AnonymousAuthenticationFilter@f8fe81e, org.springframework.security.web.session.SessionManagementFilter@554e9509, org.springframework.security.web.access.ExceptionTranslationFilter@3911fec8, org.springframework.security.web.access.intercept.FilterSecurityInterceptor@b6b746b]
2021-11-27 17:23:43.278  INFO 2984 --- [main] o.s.b.a.w.s.WelcomePageHandlerMapping    : Adding welcome page: class path resource [static/index.html]
2021-11-27 17:23:43.735  INFO 2984 --- [main] o.s.b.w.embedded.tomcat.TomcatWebServer  : Tomcat started on port(s): 8080 (http) with context path ''
2021-11-27 17:23:43.751  INFO 2984 --- [main] com.example.demo.DemoApplication         : Started DemoApplication in 7.196 seconds (JVM running for 9.594)
2021-11-27 17:24:35.022  INFO 2984 --- [http-nio-8080-exec-2] o.a.c.c.C.[Tomcat].[localhost].[/]       : Initializing Spring DispatcherServlet 'dispatcherServlet'
2021-11-27 17:24:35.022  INFO 2984 --- [http-nio-8080-exec-2] o.s.web.servlet.DispatcherServlet        : Initializing Servlet 'dispatcherServlet'
2021-11-27 17:24:35.022  INFO 2984 --- [http-nio-8080-exec-2] o.s.web.servlet.DispatcherServlet        : Completed initialization in 0 ms
2021-11-27 17:24:35.278  INFO 2984 --- [http-nio-8080-exec-2] com.zaxxer.hikari.HikariDataSource       : HikariPool-1 - Starting...
2021-11-27 17:24:35.486  INFO 2984 --- [http-nio-8080-exec-2] com.zaxxer.hikari.HikariDataSource       : HikariPool-1 - Start completed.
2021-11-27 17:24:36.577  WARN 2984 --- [http-nio-8080-exec-2] o.a.c.util.SessionIdGeneratorBase        : Creation of SecureRandom instance for session ID generation using [SHA1PRNG] took [760] milliseconds.
2021-11-27 17:24:37.501  INFO 2984 --- [http-nio-8080-exec-2] c.e.demo.Service.EstatesServiceImpl      : User  admin  adding new EState
2021-11-27 17:28:08.051  INFO 2984 --- [http-nio-8080-exec-5] c.e.demo.Service.EstatesServiceImpl      : User  admin  adding new EState
